<?xml version="1.0" encoding="UTF-8"?>
<testsuite name="AccountServiceTest" tests="1" skipped="0" failures="1" errors="0" timestamp="2024-08-25T08:56:26" hostname="MacBook-Pro-von-erik.local" time="39.711">
  <properties/>
  <testcase name="start" classname="AccountServiceTest" time="39.711">
    <failure message="java.lang.AssertionError: Wrong answer in test #31&#10;&#10;GET /api/admin/user/ should respond with status code 200, responded: 404&#10;Password must be changed!&#10;Response body:&#10;{&#10;  &quot;timestamp&quot; : &quot;2024-08-25T08:57:05.711+00:00&quot;,&#10;  &quot;status&quot; : 404,&#10;  &quot;error&quot; : &quot;Not Found&quot;,&#10;  &quot;message&quot; : &quot;No message available&quot;,&#10;  &quot;path&quot; : &quot;/api/admin/user/&quot;&#10;}" type="java.lang.AssertionError">java.lang.AssertionError: Wrong answer in test #31

GET /api/admin/user/ should respond with status code 200, responded: 404
Password must be changed!
Response body:
{
  &quot;timestamp&quot; : &quot;2024-08-25T08:57:05.711+00:00&quot;,
  &quot;status&quot; : 404,
  &quot;error&quot; : &quot;Not Found&quot;,
  &quot;message&quot; : &quot;No message available&quot;,
  &quot;path&quot; : &quot;/api/admin/user/&quot;
}
	at org.junit.Assert.fail(Assert.java:89)
	at org.hyperskill.hstest.stage.StageTest.start(StageTest.java:203)
	at java.base/jdk.internal.reflect.NativeMethodAccessorImpl.invoke0(Native Method)
	at java.base/jdk.internal.reflect.NativeMethodAccessorImpl.invoke(NativeMethodAccessorImpl.java:77)
	at java.base/jdk.internal.reflect.DelegatingMethodAccessorImpl.invoke(DelegatingMethodAccessorImpl.java:43)
	at java.base/java.lang.reflect.Method.invoke(Method.java:568)
	at org.junit.runners.model.FrameworkMethod$1.runReflectiveCall(FrameworkMethod.java:59)
	at org.junit.internal.runners.model.ReflectiveCallable.run(ReflectiveCallable.java:12)
	at org.junit.runners.model.FrameworkMethod.invokeExplosively(FrameworkMethod.java:56)
	at org.junit.internal.runners.statements.InvokeMethod.evaluate(InvokeMethod.java:17)
	at org.junit.internal.runners.statements.RunAfters.evaluate(RunAfters.java:27)
	at org.junit.runners.ParentRunner$3.evaluate(ParentRunner.java:306)
	at org.junit.runners.BlockJUnit4ClassRunner$1.evaluate(BlockJUnit4ClassRunner.java:100)
	at org.junit.runners.ParentRunner.runLeaf(ParentRunner.java:366)
	at org.junit.runners.BlockJUnit4ClassRunner.runChild(BlockJUnit4ClassRunner.java:103)
	at org.junit.runners.BlockJUnit4ClassRunner.runChild(BlockJUnit4ClassRunner.java:63)
	at org.junit.runners.ParentRunner$4.run(ParentRunner.java:331)
	at org.junit.runners.ParentRunner$1.schedule(ParentRunner.java:79)
	at org.junit.runners.ParentRunner.runChildren(ParentRunner.java:329)
	at org.junit.runners.ParentRunner.access$100(ParentRunner.java:66)
	at org.junit.runners.ParentRunner$2.evaluate(ParentRunner.java:293)
	at org.junit.runners.ParentRunner$3.evaluate(ParentRunner.java:306)
	at org.junit.runners.ParentRunner.run(ParentRunner.java:413)
	at org.gradle.api.internal.tasks.testing.junit.JUnitTestClassExecutor.runTestClass(JUnitTestClassExecutor.java:108)
	at org.gradle.api.internal.tasks.testing.junit.JUnitTestClassExecutor.execute(JUnitTestClassExecutor.java:57)
	at org.gradle.api.internal.tasks.testing.junit.JUnitTestClassExecutor.execute(JUnitTestClassExecutor.java:39)
	at org.gradle.api.internal.tasks.testing.junit.AbstractJUnitTestClassProcessor.processTestClass(AbstractJUnitTestClassProcessor.java:62)
	at org.gradle.api.internal.tasks.testing.SuiteTestClassProcessor.processTestClass(SuiteTestClassProcessor.java:52)
	at java.base/jdk.internal.reflect.NativeMethodAccessorImpl.invoke0(Native Method)
	at java.base/jdk.internal.reflect.NativeMethodAccessorImpl.invoke(NativeMethodAccessorImpl.java:77)
	at java.base/jdk.internal.reflect.DelegatingMethodAccessorImpl.invoke(DelegatingMethodAccessorImpl.java:43)
	at java.base/java.lang.reflect.Method.invoke(Method.java:568)
	at org.gradle.internal.dispatch.ReflectionDispatch.dispatch(ReflectionDispatch.java:36)
	at org.gradle.internal.dispatch.ReflectionDispatch.dispatch(ReflectionDispatch.java:24)
	at org.gradle.internal.dispatch.ContextClassLoaderDispatch.dispatch(ContextClassLoaderDispatch.java:33)
	at org.gradle.internal.dispatch.ProxyDispatchAdapter$DispatchingInvocationHandler.invoke(ProxyDispatchAdapter.java:94)
	at jdk.proxy1/jdk.proxy1.$Proxy2.processTestClass(Unknown Source)
	at org.gradle.api.internal.tasks.testing.worker.TestWorker$2.run(TestWorker.java:176)
	at org.gradle.api.internal.tasks.testing.worker.TestWorker.executeAndMaintainThreadName(TestWorker.java:129)
	at org.gradle.api.internal.tasks.testing.worker.TestWorker.execute(TestWorker.java:100)
	at org.gradle.api.internal.tasks.testing.worker.TestWorker.execute(TestWorker.java:60)
	at org.gradle.process.internal.worker.child.ActionExecutionWorker.execute(ActionExecutionWorker.java:56)
	at org.gradle.process.internal.worker.child.SystemApplicationClassLoaderWorker.call(SystemApplicationClassLoaderWorker.java:113)
	at org.gradle.process.internal.worker.child.SystemApplicationClassLoaderWorker.call(SystemApplicationClassLoaderWorker.java:65)
	at worker.org.gradle.process.internal.worker.GradleWorkerMain.run(GradleWorkerMain.java:69)
	at worker.org.gradle.process.internal.worker.GradleWorkerMain.main(GradleWorkerMain.java:74)
</failure>
  </testcase>
  <system-out><![CDATA[?[1;31m
Start test 1?[0m
?[0;34m
?[0m?[0;34m  .   ____          _            __ _ _
?[0m?[0;34m /\\ / ___'_ __ _ _(_)_ __  __ _ \ \ \ \
?[0m?[0;34m( ( )\___ | '_ | '_| | '_ \/ _` | \ \ \ \
?[0m?[0;34m \\/  ___)| |_)| | | | | || (_| |  ) ) ) )
?[0m?[0;34m  '  |____| .__|_| |_|_| |_\__, | / / / /
?[0m?[0;34m =========|_|==============|___/=/_/_/_/
?[0m?[0;34m :: Spring Boot ::                (v3.0.2)
?[0m?[0;34m
?[0m?[0;34m2024-08-25T10:56:26.481+02:00  INFO 62595 --- [    Test worker] account.AccountServiceApplication        : Starting AccountServiceApplication using Java 17.0.10 with PID 62595 (started by erikbusch in /Users/erikbusch/IdeaProjects/Account Service (Java)/Account Service (Java)/task)
?[0m?[0;34m2024-08-25T10:56:26.484+02:00  INFO 62595 --- [    Test worker] account.AccountServiceApplication        : No active profile set, falling back to 1 default profile: "default"
?[0m?[0;34m2024-08-25T10:56:26.835+02:00  INFO 62595 --- [    Test worker] .s.d.r.c.RepositoryConfigurationDelegate : Bootstrapping Spring Data JPA repositories in DEFAULT mode.
?[0m?[0;34m2024-08-25T10:56:26.860+02:00  INFO 62595 --- [    Test worker] .s.d.r.c.RepositoryConfigurationDelegate : Finished Spring Data repository scanning in 20 ms. Found 3 JPA repository interfaces.
?[0m?[0;34m2024-08-25T10:56:27.357+02:00  INFO 62595 --- [    Test worker] o.s.b.w.embedded.tomcat.TomcatWebServer  : Tomcat initialized with port(s): 28852 (http)
?[0m?[0;34m2024-08-25T10:56:27.363+02:00  INFO 62595 --- [    Test worker] o.apache.catalina.core.StandardService   : Starting service [Tomcat]
?[0m?[0;34m2024-08-25T10:56:27.363+02:00  INFO 62595 --- [    Test worker] o.apache.catalina.core.StandardEngine    : Starting Servlet engine: [Apache Tomcat/10.1.5]
?[0m?[0;34m2024-08-25T10:56:27.422+02:00  INFO 62595 --- [    Test worker] o.a.c.c.C.[Tomcat].[localhost].[/]       : Initializing Spring embedded WebApplicationContext
?[0m?[0;34m2024-08-25T10:56:27.423+02:00  INFO 62595 --- [    Test worker] w.s.c.ServletWebServerApplicationContext : Root WebApplicationContext: initialization completed in 909 ms
?[0m?[0;34m2024-08-25T10:56:27.479+02:00  INFO 62595 --- [    Test worker] com.zaxxer.hikari.HikariDataSource       : HikariPool-1 - Starting...
?[0m?[0;34m2024-08-25T10:56:27.598+02:00  INFO 62595 --- [    Test worker] com.zaxxer.hikari.pool.HikariPool        : HikariPool-1 - Added connection conn0: url=jdbc:h2:file:../service_db user=SA
?[0m?[0;34m2024-08-25T10:56:27.599+02:00  INFO 62595 --- [    Test worker] com.zaxxer.hikari.HikariDataSource       : HikariPool-1 - Start completed.
?[0m?[0;34m2024-08-25T10:56:27.606+02:00  INFO 62595 --- [    Test worker] o.s.b.a.h2.H2ConsoleAutoConfiguration    : H2 console available at '/h2-console'. Database available at 'jdbc:h2:file:../service_db'
?[0m?[0;34m2024-08-25T10:56:27.687+02:00  INFO 62595 --- [    Test worker] o.hibernate.jpa.internal.util.LogHelper  : HHH000204: Processing PersistenceUnitInfo [name: default]
?[0m?[0;34m2024-08-25T10:56:27.724+02:00  INFO 62595 --- [    Test worker] org.hibernate.Version                    : HHH000412: Hibernate ORM core version 6.1.6.Final
?[0m?[0;34m2024-08-25T10:56:27.825+02:00  WARN 62595 --- [    Test worker] org.hibernate.orm.deprecation            : HHH90000021: Encountered deprecated setting [javax.persistence.sharedCache.mode], use [jakarta.persistence.sharedCache.mode] instead
?[0m?[0;34m2024-08-25T10:56:27.892+02:00  INFO 62595 --- [    Test worker] SQL dialect                              : HHH000400: Using dialect: org.hibernate.dialect.H2Dialect
?[0m?[0;34m2024-08-25T10:56:28.438+02:00  INFO 62595 --- [    Test worker] o.h.e.t.j.p.i.JtaPlatformInitiator       : HHH000490: Using JtaPlatform implementation: [org.hibernate.engine.transaction.jta.platform.internal.NoJtaPlatform]
?[0m?[0;34m2024-08-25T10:56:28.443+02:00  INFO 62595 --- [    Test worker] j.LocalContainerEntityManagerFactoryBean : Initialized JPA EntityManagerFactory for persistence unit 'default'
?[0m?[0;34mConstructor UserDetailsImpl
?[0m?[0;34m2024-08-25T10:56:28.685+02:00  WARN 62595 --- [    Test worker] JpaBaseConfiguration$JpaWebConfiguration : spring.jpa.open-in-view is enabled by default. Therefore, database queries may be performed during view rendering. Explicitly configure spring.jpa.open-in-view to disable this warning
?[0m?[0;34mhier
?[0m?[0;34m2024-08-25T10:56:28.764+02:00  INFO 62595 --- [    Test worker] o.s.s.web.DefaultSecurityFilterChain     : Will secure any request with [org.springframework.security.web.session.DisableEncodeUrlFilter@487f025, org.springframework.security.web.context.request.async.WebAsyncManagerIntegrationFilter@7ef570be, org.springframework.security.web.context.SecurityContextHolderFilter@2be83e7e, org.springframework.security.web.header.HeaderWriterFilter@756b703d, org.springframework.security.web.authentication.logout.LogoutFilter@6e5106fc, org.springframework.security.web.authentication.www.BasicAuthenticationFilter@48900d4a, org.springframework.security.web.savedrequest.RequestCacheAwareFilter@441c2d2a, org.springframework.security.web.servletapi.SecurityContextHolderAwareRequestFilter@359f3401, org.springframework.security.web.authentication.AnonymousAuthenticationFilter@39329d81, org.springframework.security.web.session.SessionManagementFilter@484dde7d, org.springframework.security.web.access.ExceptionTranslationFilter@c725dfa, org.springframework.security.web.access.intercept.AuthorizationFilter@1e8c9083]
?[0m?[0;34m2024-08-25T10:56:29.054+02:00  INFO 62595 --- [    Test worker] o.s.b.a.e.web.EndpointLinksResolver      : Exposing 14 endpoint(s) beneath base path '/actuator'
?[0m?[0;34m2024-08-25T10:56:29.099+02:00  INFO 62595 --- [    Test worker] o.s.b.w.embedded.tomcat.TomcatWebServer  : Tomcat started on port(s): 28852 (http) with context path ''
?[0m?[0;34m2024-08-25T10:56:29.109+02:00  INFO 62595 --- [    Test worker] account.AccountServiceApplication        : Started AccountServiceApplication in 2.818 seconds (process running for 3.437)
?[0;34m2024-08-25T10:56:29.291+02:00  INFO 62595 --- [io-28852-exec-1] o.a.c.c.C.[Tomcat].[localhost].[/]       : Initializing Spring DispatcherServlet 'dispatcherServlet'
?[0m?[0;34m2024-08-25T10:56:29.291+02:00  INFO 62595 --- [io-28852-exec-1] o.s.web.servlet.DispatcherServlet        : Initializing Servlet 'dispatcherServlet'
?[0m?[0;34m2024-08-25T10:56:29.292+02:00  INFO 62595 --- [io-28852-exec-1] o.s.web.servlet.DispatcherServlet        : Completed initialization in 1 ms
?[0m?[1;31m
Start test 2?[0m
?[1;31m
Start test 3?[0m
?[1;31m
Start test 4?[0m
?[1;31m
Start test 5?[0m
?[1;31m
Start test 6?[0m
?[1;31m
Start test 7?[0m
?[1;31m
Start test 8?[0m
?[1;31m
Start test 9?[0m
?[1;31m
Start test 10?[0m
?[1;31m
Start test 11?[0m
?[1;31m
Start test 12?[0m
?[1;31m
Start test 13?[0m
?[1;31m
Start test 14?[0m
?[1;31m
Start test 15?[0m
?[1;31m
Start test 16?[0m
?[0;34m2024-08-25T10:56:33.619+02:00  WARN 62595 --- [io-28852-exec-7] o.h.engine.jdbc.spi.SqlExceptionHelper   : SQL Error: 23505, SQLState: 23505
?[0m?[0;34m2024-08-25T10:56:33.619+02:00 ERROR 62595 --- [io-28852-exec-7] o.h.engine.jdbc.spi.SqlExceptionHelper   : Unique index or primary key violation: "PUBLIC.UK_H25F5TLSYUPBTNXV8LVFHMDVS_INDEX_5 ON PUBLIC.USER_SIGN_UP(EMAIL NULLS FIRST) VALUES ( /* 1 */ 'johndoe@acme.com' )"; SQL statement:
?[0m?[0;34minsert into user_sign_up (email, lastname, name, password, id) values (?, ?, ?, ?, ?) [23505-214]
?[0m?[0;34m2024-08-25T10:56:33.620+02:00  INFO 62595 --- [io-28852-exec-7] o.h.e.j.b.internal.AbstractBatchImpl     : HHH000010: On release of batch it still contained JDBC statements
?[0m?[0;34mcould not execute statement; SQL [n/a]; constraint ["PUBLIC.UK_H25F5TLSYUPBTNXV8LVFHMDVS_INDEX_5 ON PUBLIC.USER_SIGN_UP(EMAIL NULLS FIRST) VALUES ( /* 1 */ 'johndoe@acme.com' )"; SQL statement:
?[0m?[0;34minsert into user_sign_up (email, lastname, name, password, id) values (?, ?, ?, ?, ?) [23505-214]]
?[1;31m
Start test 17?[0m
?[0;34m2024-08-25T10:56:34.412+02:00  WARN 62595 --- [io-28852-exec-8] o.h.engine.jdbc.spi.SqlExceptionHelper   : SQL Error: 23505, SQLState: 23505
?[0m?[0;34m2024-08-25T10:56:34.412+02:00 ERROR 62595 --- [io-28852-exec-8] o.h.engine.jdbc.spi.SqlExceptionHelper   : Unique index or primary key violation: "PUBLIC.UK_H25F5TLSYUPBTNXV8LVFHMDVS_INDEX_5 ON PUBLIC.USER_SIGN_UP(EMAIL NULLS FIRST) VALUES ( /* 1 */ 'johndoe@acme.com' )"; SQL statement:
?[0m?[0;34minsert into user_sign_up (email, lastname, name, password, id) values (?, ?, ?, ?, ?) [23505-214]
?[0m?[0;34m2024-08-25T10:56:34.412+02:00  INFO 62595 --- [io-28852-exec-8] o.h.e.j.b.internal.AbstractBatchImpl     : HHH000010: On release of batch it still contained JDBC statements
?[0m?[0;34mcould not execute statement; SQL [n/a]; constraint ["PUBLIC.UK_H25F5TLSYUPBTNXV8LVFHMDVS_INDEX_5 ON PUBLIC.USER_SIGN_UP(EMAIL NULLS FIRST) VALUES ( /* 1 */ 'johndoe@acme.com' )"; SQL statement:
?[0m?[0;34minsert into user_sign_up (email, lastname, name, password, id) values (?, ?, ?, ?, ?) [23505-214]]
?[1;31m
Start test 18?[0m
?[0;34m2024-08-25T10:56:35.199+02:00  WARN 62595 --- [io-28852-exec-2] o.h.engine.jdbc.spi.SqlExceptionHelper   : SQL Error: 23505, SQLState: 23505
?[0m?[0;34m2024-08-25T10:56:35.199+02:00 ERROR 62595 --- [io-28852-exec-2] o.h.engine.jdbc.spi.SqlExceptionHelper   : Unique index or primary key violation: "PUBLIC.UK_H25F5TLSYUPBTNXV8LVFHMDVS_INDEX_5 ON PUBLIC.USER_SIGN_UP(EMAIL NULLS FIRST) VALUES ( /* 1 */ 'johndoe@acme.com' )"; SQL statement:
?[0m?[0;34minsert into user_sign_up (email, lastname, name, password, id) values (?, ?, ?, ?, ?) [23505-214]
?[0m?[0;34m2024-08-25T10:56:35.199+02:00  INFO 62595 --- [io-28852-exec-2] o.h.e.j.b.internal.AbstractBatchImpl     : HHH000010: On release of batch it still contained JDBC statements
?[0m?[0;34mcould not execute statement; SQL [n/a]; constraint ["PUBLIC.UK_H25F5TLSYUPBTNXV8LVFHMDVS_INDEX_5 ON PUBLIC.USER_SIGN_UP(EMAIL NULLS FIRST) VALUES ( /* 1 */ 'johndoe@acme.com' )"; SQL statement:
?[0m?[0;34minsert into user_sign_up (email, lastname, name, password, id) values (?, ?, ?, ?, ?) [23505-214]]
?[1;31m
Start test 19?[0m
?[0;34mRole:ROLE_USER
?[0m?[0;34mtest[ROLE_USER]
?[0m?[0;34mauth[ROLE_USER]
?[0m?[0;34m[account.data.Role@4c503585]
?[0m?[0;34m[]
?[1;31m
Start test 20?[0m
?[0;34mRole:ROLE_USER
?[0m?[0;34mtest[ROLE_USER]
?[0m?[0;34mauth[ROLE_USER]
?[0m?[0;34m[account.data.Role@1acf847c]
?[0m?[0;34m[]
?[1;31m
Start test 21?[0m
?[0;34mRole:ROLE_USER
?[0m?[0;34mtest[ROLE_USER]
?[1;31m
Start test 22?[0m
?[1;31m
Start test 23?[0m
?[1;31m
Start test 24?[0m
?[1;31m
Start test 25?[0m
?[1;31m
Start test 26?[0m
?[0m?[0;34mRole:ROLE_ADMINISTRATOR
?[0m?[0;34mtest[ROLE_ADMINISTRATOR]
?[1;31m
Start test 27?[0m
?[0m?[0;34mRole:ROLE_ADMINISTRATOR
?[0m?[0;34mtest[ROLE_ADMINISTRATOR]
?[1;31m
Start test 28?[0m
?[0m?[0;34mRole:ROLE_ADMINISTRATOR
?[0m?[0;34mtest[ROLE_ADMINISTRATOR]
?[0m?[0;34mRole:ROLE_ADMINISTRATOR
?[0m?[0;34mtest[ROLE_ADMINISTRATOR]
?[0m?[0;34mRole:ROLE_ADMINISTRATOR
?[0m?[0;34mtest[ROLE_ADMINISTRATOR]
?[0m?[0;34mRole:ROLE_ADMINISTRATOR
?[0m?[0;34mtest[ROLE_ADMINISTRATOR]
?[0m?[0;34mRole:ROLE_ADMINISTRATOR
?[0m?[0;34mtest[ROLE_ADMINISTRATOR]
?[0m?[0;34mRole:ROLE_ADMINISTRATOR
?[0m?[0;34mtest[ROLE_ADMINISTRATOR]
?[0m?[0;34mRole:ROLE_ADMINISTRATOR
?[0m?[0;34mtest[ROLE_ADMINISTRATOR]
?[0;34mRole:ROLE_ADMINISTRATOR
?[0m?[0;34mtest[ROLE_ADMINISTRATOR]
?[0;34mRole:ROLE_ADMINISTRATOR
?[0m?[0;34mtest[ROLE_ADMINISTRATOR]
?[0;34mRole:ROLE_ADMINISTRATOR
?[0m?[0;34mtest[ROLE_ADMINISTRATOR]
?[0m?[0;34mRole:ROLE_ADMINISTRATOR
?[0m?[0;34mtest[ROLE_ADMINISTRATOR]
?[0m?[0;34mRole:ROLE_ADMINISTRATOR
?[0m?[0;34mtest[ROLE_ADMINISTRATOR]
?[1;31m
Start test 29?[0m
?[0m?[0;34mRole:ROLE_ADMINISTRATOR
?[0m?[0;34mtest[ROLE_ADMINISTRATOR]
?[1;31m
Start test 30?[0m
?[0m?[0;34mRole:ROLE_ADMINISTRATOR
?[0m?[0;34mtest[ROLE_ADMINISTRATOR]
?[1;31m
Start test 31?[0m
?[0m?[0;34mRole:ROLE_ADMINISTRATOR
?[0m?[0;34mtest[ROLE_ADMINISTRATOR]
]]></system-out>
  <system-err><![CDATA[]]></system-err>
</testsuite>
